<?xml version="1.0" encoding="UTF-8" ?>

<testsuite failures="0" time="1.597" errors="0" skipped="0" tests="6" name="BasicTest">
  <testcase classname="BasicTest" name="useTheCommentsRelation" time="0.129">
      </testcase>
  <testcase classname="BasicTest" name="postComments" time="0.061">
      </testcase>
  <testcase classname="BasicTest" name="createAndRetrieveUser" time="0.05">
      </testcase>
  <testcase classname="BasicTest" name="createPost" time="0.054">
      </testcase>
  <testcase classname="BasicTest" name="fullTest" time="1.243">
      </testcase>
  <testcase classname="BasicTest" name="tryConnectAsUser" time="0.06">
      </testcase>
</testsuite>
